This is pdfTeX, Version 3.14159265-2.6-1.40.18 (TeX Live 2017) (preloaded format=pdflatex 2018.3.13)  25 MAR 2018 21:28
entering extended mode
 restricted \write18 enabled.
 %&-line parsing enabled.
**thesis.tex
(./thesis.tex
LaTeX2e <2017-04-15>
Babel <3.10> and hyphenation patterns for 84 language(s) loaded.
(./ioniothesis.cls

LaTeX Warning: You have requested document class `ioniothesis',
               but the document class provides `book'.

Document Class: book 2001/04/21 v1.4e Standard LaTeX document class
(/usr/local/texlive/2017/texmf-dist/tex/latex/base/bk11.clo
File: bk11.clo 2014/09/29 v1.4h Standard LaTeX file (size option)
)
\c@part=\count79
\c@chapter=\count80
\c@section=\count81
\c@subsection=\count82
\c@subsubsection=\count83
\c@paragraph=\count84
\c@subparagraph=\count85
\c@figure=\count86
\c@table=\count87
\abovecaptionskip=\skip41
\belowcaptionskip=\skip42
\bibindent=\dimen102
)
(/usr/local/texlive/2017/texmf-dist/tex/latex/graphics/graphicx.sty
Package: graphicx 2014/10/28 v1.0g Enhanced LaTeX Graphics (DPC,SPQR)

(/usr/local/texlive/2017/texmf-dist/tex/latex/graphics/keyval.sty
Package: keyval 2014/10/28 v1.15 key=value parser (DPC)
\KV@toks@=\toks14
)
(/usr/local/texlive/2017/texmf-dist/tex/latex/graphics/graphics.sty
Package: graphics 2017/04/14 v1.1b Standard LaTeX Graphics (DPC,SPQR)

(/usr/local/texlive/2017/texmf-dist/tex/latex/graphics/trig.sty
Package: trig 2016/01/03 v1.10 sin cos tan (DPC)
)
(/usr/local/texlive/2017/texmf-dist/tex/latex/graphics-cfg/graphics.cfg
File: graphics.cfg 2016/06/04 v1.11 sample graphics configuration
)
Package graphics Info: Driver file: dvips.def on input line 99.

(/usr/local/texlive/2017/texmf-dist/tex/latex/graphics-def/dvips.def
File: dvips.def 2016/07/10 v3.1a Driver-dependent file (DPC,SPQR)
))
\Gin@req@height=\dimen103
\Gin@req@width=\dimen104
)
(/usr/local/texlive/2017/texmf-dist/tex/latex/base/makeidx.sty
Package: makeidx 2014/09/29 v1.0m Standard LaTeX package
)
(/usr/local/texlive/2017/texmf-dist/tex/generic/babel/babel.sty
Package: babel 2017/05/19 3.10 The Babel package

(/usr/local/texlive/2017/texmf-dist/tex/generic/babel-english/english.ldf
Language: english 2017/01/24 v3.3q English support from the babel system

(/usr/local/texlive/2017/texmf-dist/tex/generic/babel/babel.def
File: babel.def 2017/05/19 3.10 Babel common definitions
\babel@savecnt=\count88
\U@D=\dimen105
)
\l@canadian = a dialect from \language\l@american 
\l@australian = a dialect from \language\l@british 
\l@newzealand = a dialect from \language\l@british 
)
(/usr/local/texlive/2017/texmf-dist/tex/generic/babel-greek/greek.ldf
Language: greek 2016/09/07 v1.9g Greek support for the babel system
\bbl@monogreek=\count89
\bbl@polygreek=\count90
\bbl@ancientgreek=\count91

(/usr/local/texlive/2017/texmf-dist/tex/latex/greek-fontenc/lgrenc.def
File: lgrenc.def 2015/12/07 v0.13.1 LGR Greek font encoding definitions

(/usr/local/texlive/2017/texmf-dist/tex/latex/greek-fontenc/greek-fontenc.def
File: greek-fontenc.def 2015/08/04 v0.13 Common Greek font encoding definitions

))
LaTeX Info: Composite with undeclared \< in encoding LGR on input line 418.
LaTeX Info: Composite with undeclared \> in encoding LGR on input line 418.
)) (/usr/local/texlive/2017/texmf-dist/tex/latex/base/inputenc.sty
Package: inputenc 2015/03/17 v1.2c Input encoding file
\inpenc@prehook=\toks15
\inpenc@posthook=\toks16

(./iso-8859-7.def
File: iso-8859-7.def 1999/04/08 v1.0c Input encoding file(test version: still l
iable to change)
 iso-8859-7inputencodingfilebyApostolosSyropoulos))
(/usr/local/texlive/2017/texmf-dist/tex/latex/amsfonts/amssymb.sty
Package: amssymb 2013/01/14 v3.01 AMS font symbols

(/usr/local/texlive/2017/texmf-dist/tex/latex/amsfonts/amsfonts.sty
Package: amsfonts 2013/01/14 v3.01 Basic AMSFonts support
\@emptytoks=\toks17
\symAMSa=\mathgroup4
\symAMSb=\mathgroup5
LaTeX Font Info:    Overwriting math alphabet `\mathfrak' in version `bold'
(Font)                  U/euf/m/n --> U/euf/b/n on input line 106.
))
(/usr/local/texlive/2017/texmf-dist/tex/latex/graphics/color.sty
Package: color 2016/07/10 v1.1e Standard LaTeX Color (DPC)

(/usr/local/texlive/2017/texmf-dist/tex/latex/graphics-cfg/color.cfg
File: color.cfg 2016/01/02 v1.6 sample color configuration
)
Package color Info: Driver file: pdftex.def on input line 147.

(/usr/local/texlive/2017/texmf-dist/tex/latex/graphics-def/pdftex.def
File: pdftex.def 2017/01/12 v0.06k Graphics/color for pdfTeX

(/usr/local/texlive/2017/texmf-dist/tex/generic/oberdiek/infwarerr.sty
Package: infwarerr 2016/05/16 v1.4 Providing info/warning/error messages (HO)
)
(/usr/local/texlive/2017/texmf-dist/tex/generic/oberdiek/ltxcmds.sty
Package: ltxcmds 2016/05/16 v1.23 LaTeX kernel commands for general use (HO)
)
\Gread@gobject=\count92
))
(./ioniostyle.sty)
\@indexfile=\write3
\openout3 = `thesis.idx'.


Writing index file thesis.idx
\c@theo=\count93
\c@define=\count94
\c@collary=\count95
\c@algorithm=\count96
\c@example=\count97
(./drop.sty) (./thesis.aux
LaTeX Font Info:    Try loading font information for LGR+cmr on input line 2.

(/usr/local/texlive/2017/texmf-dist/tex/latex/cbfonts-fd/lgrcmr.fd
File: lgrcmr.fd 2016/03/04 v1.1 Greek European Computer Regular
))
\openout1 = `thesis.aux'.

LaTeX Font Info:    Checking defaults for OML/cmm/m/it on input line 36.
LaTeX Font Info:    ... okay on input line 36.
LaTeX Font Info:    Checking defaults for T1/cmr/m/n on input line 36.
LaTeX Font Info:    ... okay on input line 36.
LaTeX Font Info:    Checking defaults for OT1/cmr/m/n on input line 36.
LaTeX Font Info:    ... okay on input line 36.
LaTeX Font Info:    Checking defaults for OMS/cmsy/m/n on input line 36.
LaTeX Font Info:    ... okay on input line 36.
LaTeX Font Info:    Checking defaults for OMX/cmex/m/n on input line 36.
LaTeX Font Info:    ... okay on input line 36.
LaTeX Font Info:    Checking defaults for U/cmr/m/n on input line 36.
LaTeX Font Info:    ... okay on input line 36.
LaTeX Font Info:    Checking defaults for LGR/cmr/m/n on input line 36.
LaTeX Font Info:    ... okay on input line 36.

(/usr/local/texlive/2017/texmf-dist/tex/context/base/mkii/supp-pdf.mkii
[Loading MPS to PDF converter (version 2006.09.02).]
\scratchcounter=\count98
\scratchdimen=\dimen106
\scratchbox=\box26
\nofMPsegments=\count99
\nofMParguments=\count100
\everyMPshowfont=\toks18
\MPscratchCnt=\count101
\MPscratchDim=\dimen107
\MPnumerator=\count102
\makeMPintoPDFobject=\count103
\everyMPtoPDFconversion=\toks19
) (/usr/local/texlive/2017/texmf-dist/tex/generic/oberdiek/pdftexcmds.sty
Package: pdftexcmds 2017/03/19 v0.25 Utility functions of pdfTeX for LuaTeX (HO
)

(/usr/local/texlive/2017/texmf-dist/tex/generic/oberdiek/ifluatex.sty
Package: ifluatex 2016/05/16 v1.4 Provides the ifluatex switch (HO)
Package ifluatex Info: LuaTeX not detected.
)
(/usr/local/texlive/2017/texmf-dist/tex/generic/oberdiek/ifpdf.sty
Package: ifpdf 2017/03/15 v3.2 Provides the ifpdf switch
)
Package pdftexcmds Info: LuaTeX not detected.
Package pdftexcmds Info: \pdf@primitive is available.
Package pdftexcmds Info: \pdf@ifprimitive is available.
Package pdftexcmds Info: \pdfdraftmode found.
)
(/usr/local/texlive/2017/texmf-dist/tex/latex/oberdiek/epstopdf-base.sty
Package: epstopdf-base 2016/05/15 v2.6 Base part for package epstopdf

(/usr/local/texlive/2017/texmf-dist/tex/latex/oberdiek/grfext.sty
Package: grfext 2016/05/16 v1.2 Manage graphics extensions (HO)

(/usr/local/texlive/2017/texmf-dist/tex/generic/oberdiek/kvdefinekeys.sty
Package: kvdefinekeys 2016/05/16 v1.4 Define keys (HO)
))
(/usr/local/texlive/2017/texmf-dist/tex/latex/oberdiek/kvoptions.sty
Package: kvoptions 2016/05/16 v3.12 Key value format for package options (HO)

(/usr/local/texlive/2017/texmf-dist/tex/generic/oberdiek/kvsetkeys.sty
Package: kvsetkeys 2016/05/16 v1.17 Key value parser (HO)

(/usr/local/texlive/2017/texmf-dist/tex/generic/oberdiek/etexcmds.sty
Package: etexcmds 2016/05/16 v1.6 Avoid name clashes with e-TeX commands (HO)
Package etexcmds Info: Could not find \expanded.
(etexcmds)             That can mean that you are not using pdfTeX 1.50 or
(etexcmds)             that some package has redefined \expanded.
(etexcmds)             In the latter case, load this package earlier.
)))
Package epstopdf-base Info: Redefining graphics rule for `.eps' on input line 4
38.
Package grfext Info: Graphics extension search list:
(grfext)             [.png,.pdf,.jpg,.mps,.jpeg,.jbig2,.jb2,.PNG,.PDF,.JPG,.JPE
G,.JBIG2,.JB2,.eps]
(grfext)             \AppendGraphicsExtensions on input line 456.

(/usr/local/texlive/2017/texmf-dist/tex/latex/latexconfig/epstopdf-sys.cfg
File: epstopdf-sys.cfg 2010/07/13 v1.3 Configuration of (r)epstopdf for TeX Liv
e
))
<./pdffigs/ionio_logo.pdf, id=1, 445.48433pt x 440.06406pt>
File: ./pdffigs/ionio_logo.pdf Graphic file (type pdf)

<use ./pdffigs/ionio_logo.pdf>
Package pdftex.def Info: ./pdffigs/ionio_logo.pdf used on input line 52.
(pdftex.def)             Requested size: 85.35696pt x 84.31808pt.
LaTeX Font Info:    Try loading font information for LGR+cmtt on input line 52.


(/usr/local/texlive/2017/texmf-dist/tex/latex/cbfonts-fd/lgrcmtt.fd
File: lgrcmtt.fd 2016/03/04 v1.1 Greek European Computer Typewriter
)
LaTeX Font Info:    Font shape `LGR/cmtt/bx/n' in size <12> not available
(Font)              Font shape `LGR/cmtt/m/n' tried instead on input line 52.
LaTeX Font Info:    Font shape `LGR/cmtt/bx/n' in size <14.4> not available
(Font)              Font shape `LGR/cmtt/m/n' tried instead on input line 52.
LaTeX Font Info:    Try loading font information for U+msa on input line 52.

(/usr/local/texlive/2017/texmf-dist/tex/latex/amsfonts/umsa.fd
File: umsa.fd 2013/01/14 v3.01 AMS symbols A
)
LaTeX Font Info:    Try loading font information for U+msb on input line 52.

(/usr/local/texlive/2017/texmf-dist/tex/latex/amsfonts/umsb.fd
File: umsb.fd 2013/01/14 v3.01 AMS symbols B
) [1
Non-PDF special ignored!


{/usr/local/texlive/2017/texmf-var/fonts/map/pdftex/updmap/pdftex.map} <./pdffi
gs/ionio_logo.pdf>]
LaTeX Font Info:    Font shape `LGR/cmtt/bx/n' in size <24.88> not available
(Font)              Font shape `LGR/cmtt/m/n' tried instead on input line 57.

Underfull \hbox (badness 10000) in paragraph at lines 63--64

 []


Underfull \hbox (badness 10000) in paragraph at lines 68--71

 []

[1


] [2


] (./perilipsi.tex) [1


] (./prologos.tex [2


]) [3] (./thesis.toc
LaTeX Info: Redefining \anw@print on input line 2.
LaTeX Info: Redefining \anw@print on input line 3.
LaTeX Info: Redefining \anw@print on input line 4.
LaTeX Info: Redefining \anw@print on input line 5.
LaTeX Info: Redefining \anw@print on input line 6.
LaTeX Info: Redefining \anw@print on input line 7.
LaTeX Info: Redefining \anw@print on input line 8.
)
\tf@toc=\write4
\openout4 = `thesis.toc'.

 [4


]
(./thesis.lof
LaTeX Info: Redefining \anw@print on input line 4.
)
\tf@lof=\write5
\openout5 = `thesis.lof'.

 [5


] (./thesis.lot)
\tf@lot=\write6
\openout6 = `thesis.lot'.

 [6


]
\textKappa \textepsilon \textphi \acctonos \textalpha \textlambda \textalpha \t
extiota \textomicron  \MakeUppercase {\textalpha \anw@true \anw@print \relax }.

LaTeX Font Info:    Font shape `LGR/cmtt/bx/n' in size <20.74> not available
(Font)              Font shape `LGR/cmtt/m/n' tried instead on input line 114.
LaTeX Info: Redefining \anw@print on input line 114.
(./intro.tex
LaTeX Info: Redefining \anw@print on input line 1.
LaTeX Info: Redefining \anw@print on input line 6.
 [1



]
LaTeX Font Info:    Try loading font information for OMS+cmr on input line 11.
 (/usr/local/texlive/2017/texmf-dist/tex/latex/base/omscmr.fd
File: omscmr.fd 2014/09/29 v2.5h Standard LaTeX font definitions
)
LaTeX Font Info:    Font shape `OMS/cmr/m/n' in size <10.95> not available
(Font)              Font shape `OMS/cmsy/m/n' tried instead on input line 11.
LaTeX Info: Redefining \anw@print on input line 19.
)
LaTeX Info: Redefining \anw@print on input line 116.
[2]
LaTeX Info: Redefining \anw@print on input line 117.
 [3]
\textKappa \textepsilon \textphi \acctonos \textalpha \textlambda \textalpha \t
extiota \textomicron  \MakeUppercase {\textbeta \anw@true \anw@print \relax }.
LaTeX Info: Redefining \anw@print on input line 117.
(./algorithmos.tex
LaTeX Info: Redefining \anw@print on input line 1.
LaTeX Info: Redefining \anw@print on input line 3.
 <./pdffigs/js_1.pdf, id=62, 502.51741pt x 363.2772pt>
File: ./pdffigs/js_1.pdf Graphic file (type pdf)

<use ./pdffigs/js_1.pdf>
Package pdftex.def Info: ./pdffigs/js_1.pdf used on input line 7.
(pdftex.def)             Requested size: 341.43436pt x 246.83122pt.
LaTeX Info: Redefining \anw@print on input line 7.


LaTeX Warning: `h' float specifier changed to `ht'.

) [4

]
LaTeX Info: Redefining \anw@print on input line 120.
 [5 <./pdffigs/js_1.pdf>]
\textKappa \textepsilon \textphi \acctonos \textalpha \textlambda \textalpha \t
extiota \textomicron  \MakeUppercase {\textgamma \anw@true \anw@print \relax }.

LaTeX Info: Redefining \anw@print on input line 120.
(./telos.tex [6

])
LaTeX Info: Redefining \anw@print on input line 124.
 [7] [8

] (./biblio.tex) [9

] (./abbrev.tex
Overfull \hbox (7.54724pt too wide) in paragraph at lines 7--11
[] 
 []


Overfull \hbox (7.54724pt too wide) in paragraph at lines 7--11
[] 
 []


Underfull \hbox (badness 10000) in paragraph at lines 7--11

 []


Overfull \hbox (7.54724pt too wide) in paragraph at lines 16--17
[] 
 []


Underfull \hbox (badness 10000) in paragraph at lines 16--17

 []


Overfull \hbox (7.54724pt too wide) in paragraph at lines 20--21
[] 
 []


Underfull \hbox (badness 10000) in paragraph at lines 20--21

 []


Overfull \hbox (7.54724pt too wide) in paragraph at lines 24--25
[] 
 []


Underfull \hbox (badness 10000) in paragraph at lines 24--25

 []


Overfull \hbox (7.54724pt too wide) in paragraph at lines 30--31
[] 
 []


Underfull \hbox (badness 10000) in paragraph at lines 30--31

 []


Overfull \hbox (7.54724pt too wide) in paragraph at lines 38--39
[] 
 []


Underfull \hbox (badness 10000) in paragraph at lines 38--39

 []


Overfull \hbox (7.54724pt too wide) in paragraph at lines 42--46
[] 
 []


Overfull \hbox (7.54724pt too wide) in paragraph at lines 42--46
[] 
 []


Underfull \hbox (badness 10000) in paragraph at lines 42--46

 []


Overfull \hbox (7.54724pt too wide) in paragraph at lines 50--51
[] 
 []


Underfull \hbox (badness 10000) in paragraph at lines 50--51

 []

) [10

] (./glossari.tex
Overfull \hbox (7.54724pt too wide) in paragraph at lines 6--16
[] 
 []


Overfull \hbox (7.54724pt too wide) in paragraph at lines 6--16
[] 
 []


Overfull \hbox (7.54724pt too wide) in paragraph at lines 6--16
[] 
 []


Overfull \hbox (7.54724pt too wide) in paragraph at lines 6--16
[] 
 []


Underfull \hbox (badness 10000) in paragraph at lines 6--16

 []


Overfull \hbox (7.54724pt too wide) in paragraph at lines 20--21
[] 
 []


Underfull \hbox (badness 10000) in paragraph at lines 20--21

 []


Overfull \hbox (7.54724pt too wide) in paragraph at lines 26--48
[] 
 []


Overfull \hbox (7.54724pt too wide) in paragraph at lines 26--48
[] 
 []


Overfull \hbox (7.54724pt too wide) in paragraph at lines 26--48
[] 
 []


Overfull \hbox (7.54724pt too wide) in paragraph at lines 26--48
[] 
 []


Overfull \hbox (7.54724pt too wide) in paragraph at lines 26--48
[] 
 []


Overfull \hbox (7.54724pt too wide) in paragraph at lines 26--48
[] 
 []


Overfull \hbox (7.54724pt too wide) in paragraph at lines 26--48
[] 
 []


Overfull \hbox (7.54724pt too wide) in paragraph at lines 26--48
[] 
 []


Underfull \hbox (badness 10000) in paragraph at lines 26--48

 []


Overfull \hbox (7.54724pt too wide) in paragraph at lines 52--68
[] 
 []


Overfull \hbox (7.54724pt too wide) in paragraph at lines 52--68
[] 
 []


Overfull \hbox (7.54724pt too wide) in paragraph at lines 52--68
[] 
 []


Overfull \hbox (7.54724pt too wide) in paragraph at lines 52--68
[] 
 []


Overfull \hbox (7.54724pt too wide) in paragraph at lines 52--68
[] 
 []


Overfull \hbox (7.54724pt too wide) in paragraph at lines 52--68
[] 
 []


Underfull \hbox (badness 10000) in paragraph at lines 52--68

 []


Overfull \hbox (7.54724pt too wide) in paragraph at lines 72--76
[] 
 []


Overfull \hbox (7.54724pt too wide) in paragraph at lines 72--76
[] 
 []


Underfull \hbox (badness 10000) in paragraph at lines 72--76

 []

[11

]
Overfull \hbox (7.54724pt too wide) in paragraph at lines 80--84
[] 
 []


Overfull \hbox (7.54724pt too wide) in paragraph at lines 80--84
[] 
 []


Underfull \hbox (badness 10000) in paragraph at lines 80--84

 []


Overfull \hbox (7.54724pt too wide) in paragraph at lines 87--91
[] 
 []


Overfull \hbox (7.54724pt too wide) in paragraph at lines 87--91
[] 
 []


Underfull \hbox (badness 10000) in paragraph at lines 87--91

 []


Overfull \hbox (7.54724pt too wide) in paragraph at lines 94--95
[] 
 []


Underfull \hbox (badness 10000) in paragraph at lines 94--95

 []


Overfull \hbox (7.54724pt too wide) in paragraph at lines 98--105
[] 
 []


Overfull \hbox (7.54724pt too wide) in paragraph at lines 98--105
[] 
 []


Overfull \hbox (7.54724pt too wide) in paragraph at lines 98--105
[] 
 []


Underfull \hbox (badness 10000) in paragraph at lines 98--105

 []


Underfull \hbox (badness 10000) in paragraph at lines 112--112
[]\OT1/cmtt/m/n/10.95 Network Protocol
 []


Overfull \hbox (7.54724pt too wide) in paragraph at lines 109--113
[] 
 []


Overfull \hbox (7.54724pt too wide) in paragraph at lines 109--113
[] 
 []


Underfull \hbox (badness 10000) in paragraph at lines 109--113

 []


Overfull \hbox (7.54724pt too wide) in paragraph at lines 117--118
[] 
 []


Underfull \hbox (badness 10000) in paragraph at lines 117--118

 []


Overfull \hbox (7.54724pt too wide) in paragraph at lines 123--136
[] 
 []


Overfull \hbox (7.54724pt too wide) in paragraph at lines 123--136
[] 
 []


Overfull \hbox (7.54724pt too wide) in paragraph at lines 123--136
[] 
 []


Overfull \hbox (7.54724pt too wide) in paragraph at lines 123--136
[] 
 []


Overfull \hbox (7.54724pt too wide) in paragraph at lines 123--136
[] 
 []


Underfull \hbox (badness 10000) in paragraph at lines 123--136

 []


Overfull \hbox (7.54724pt too wide) in paragraph at lines 140--147
[] 
 []


Overfull \hbox (7.54724pt too wide) in paragraph at lines 140--147
[] 
 []


Overfull \hbox (7.54724pt too wide) in paragraph at lines 140--147
[] 
 []


Underfull \hbox (badness 10000) in paragraph at lines 140--147

 []


Overfull \hbox (7.54724pt too wide) in paragraph at lines 153--157
[] 
 []


Overfull \hbox (7.54724pt too wide) in paragraph at lines 153--157
[] 
 []


Underfull \hbox (badness 10000) in paragraph at lines 153--157

 []

[12]
Overfull \hbox (7.54724pt too wide) in paragraph at lines 161--162
[] 
 []


Underfull \hbox (badness 10000) in paragraph at lines 161--162

 []

)
Overfull \hbox (7.54724pt too wide) in paragraph at lines 166--144
[] 
 []


Underfull \hbox (badness 10000) in paragraph at lines 166--144

 []

[13] (./thesis.ind [14


]) (./thesis.aux) ) 
Here is how much of TeX's memory you used:
 3386 strings out of 492995
 51085 string characters out of 6132704
 112207 words of memory out of 5000000
 6811 multiletter control sequences out of 15000+600000
 25038 words of font info for 61 fonts, out of 8000000 for 9000
 1141 hyphenation exceptions out of 8191
 39i,8n,26p,959b,461s stack positions out of 5000i,500n,10000p,200000b,80000s
</usr/local/texlive/2017/texmf-dist/fonts/type1/public/amsfo
nts/cm/cmr10.pfb></usr/local/texlive/2017/texmf-dist/fonts/type1/public/amsfont
s/cm/cmsy10.pfb></usr/local/texlive/2017/texmf-dist/fonts/type1/public/amsfonts
/cm/cmti10.pfb></usr/local/texlive/2017/texmf-dist/fonts/type1/public/amsfonts/
cm/cmtt10.pfb></usr/local/texlive/2017/texmf-dist/fonts/type1/public/cbfonts/gr
mc1200.pfb></usr/local/texlive/2017/texmf-dist/fonts/type1/public/cbfonts/grmi1
095.pfb></usr/local/texlive/2017/texmf-dist/fonts/type1/public/cbfonts/grmn1095
.pfb></usr/local/texlive/2017/texmf-dist/fonts/type1/public/cbfonts/grmn1200.pf
b></usr/local/texlive/2017/texmf-dist/fonts/type1/public/cbfonts/grmo1095.pfb><
/usr/local/texlive/2017/texmf-dist/fonts/type1/public/cbfonts/grxc1200.pfb></us
r/local/texlive/2017/texmf-dist/fonts/type1/public/cbfonts/grxc1728.pfb></usr/l
ocal/texlive/2017/texmf-dist/fonts/type1/public/cbfonts/grxn1095.pfb></usr/loca
l/texlive/2017/texmf-dist/fonts/type1/public/cbfonts/grxn1200.pfb></usr/local/t
exlive/2017/texmf-dist/fonts/type1/public/cbfonts/grxn1440.pfb></usr/local/texl
ive/2017/texmf-dist/fonts/type1/public/cbfonts/grxn2488.pfb></usr/local/texlive
/2017/texmf-dist/fonts/type1/public/cbfonts/gttn1095.pfb></usr/local/texlive/20
17/texmf-dist/fonts/type1/public/cbfonts/gttn1200.pfb></usr/local/texlive/2017/
texmf-dist/fonts/type1/public/cbfonts/gttn1440.pfb></usr/local/texlive/2017/tex
mf-dist/fonts/type1/public/cbfonts/gttn2074.pfb></usr/local/texlive/2017/texmf-
dist/fonts/type1/public/cbfonts/gttn2488.pfb>
Output written on thesis.pdf (23 pages, 1133537 bytes).
PDF statistics:
 170 PDF objects out of 1000 (max. 8388607)
 116 compressed objects within 2 object streams
 0 named destinations out of 1000 (max. 500000)
 11 words of extra memory for PDF output out of 10000 (max. 10000000)

